2022-09-08 17:50:28 - INFO - Training/evaluation parameters: Namespace(adam_eps=1e-06, adam_lr=5e-05, base_url='../data/tnews_public/', bert_cache='../config/mengzi-bert-base', bert_dim=768, bert_dir='Langboat/mengzi-bert-base', bert_max_length=512, bert_padding='max_length', best_score=0.5, ckpt_file='save/BD/v13/model_.bin', data_path='../data/Toursim3.csv', device='cuda', dropout=0.1, log_file='log/BD/v13.log', lstm_batch_first=True, lstm_bidirectional=True, lstm_dropout=0.0, lstm_hidden_size=768, lstm_input_size=768, lstm_num_layers=2, lstm_reflector_size=256, max_epochs=10, max_steps=50000, n_gpu=1, num_class=3, num_workers=6, prefetch=12, print_steps=10, savedmodel_path='save/BD/v13', seed=2021, smoothing=0.1, stopWords='../stopword/hit_stopwords.txt', train_batch_size=24, val_batch_size=24, val_ratio=0.2, warmup_steps=1000, weight_decay=0.001, word2Vec='../word2vec/sgns.weibo.bigram-char.bz2', word2Vec_dim=300)
Some weights of the model checkpoint at Langboat/mengzi-bert-base were not used when initializing BertModel: ['cls.predictions.transform.LayerNorm.weight', 'cls.predictions.transform.dense.bias', 'cls.predictions.decoder.weight', 'cls.predictions.decoder.bias', 'sop.cls.bias', 'cls.predictions.transform.LayerNorm.bias', 'sop.cls.weight', 'cls.predictions.transform.dense.weight', 'cls.predictions.bias']
- This IS expected if you are initializing BertModel from the checkpoint of a model trained on another task or with another architecture (e.g. initializing a BertForSequenceClassification model from a BertForPreTraining model).
- This IS NOT expected if you are initializing BertModel from the checkpoint of a model that you expect to be exactly identical (initializing a BertForSequenceClassification model from a BertForSequenceClassification model).
2022-09-08 17:59:07 - INFO - Epoch 0 step 232: loss 0.263, {'accuracy': 0.8307, 'f1': 0.8238, 'precision': 0.8235, 'recall': 0.8307}
2022-09-08 18:07:03 - INFO - Epoch 1 step 464: loss 0.268, {'accuracy': 0.8264, 'f1': 0.8122, 'precision': 0.8203, 'recall': 0.8264}
2022-09-08 18:15:00 - INFO - Epoch 2 step 696: loss 0.286, {'accuracy': 0.8199, 'f1': 0.8173, 'precision': 0.816, 'recall': 0.8199}
2022-09-08 18:22:56 - INFO - Epoch 3 step 928: loss 0.314, {'accuracy': 0.8128, 'f1': 0.8024, 'precision': 0.802, 'recall': 0.8128}
2022-09-08 18:30:51 - INFO - Epoch 4 step 1160: loss 0.329, {'accuracy': 0.825, 'f1': 0.8196, 'precision': 0.818, 'recall': 0.825}
Traceback (most recent call last):
  File "main.py", line 99, in <module>
    if __name__ == '__main__':
  File "main.py", line 96, in main
    
  File "main.py", line 55, in train_and_validate
    loss, accuracy, _, _, _ = model(batch)
  File "/home/lenovo/wcProject/Bert_ABiLSTM_Att/Code_9.2/utils.py", line 270, in attack
    loss.backward()
  File "/home/lenovo/anaconda3/envs/tfNLP/lib/python3.8/site-packages/torch/_tensor.py", line 396, in backward
    torch.autograd.backward(self, gradient, retain_graph, create_graph, inputs=inputs)
  File "/home/lenovo/anaconda3/envs/tfNLP/lib/python3.8/site-packages/torch/autograd/__init__.py", line 173, in backward
    Variable._execution_engine.run_backward(  # Calls into the C++ engine to run the backward pass
KeyboardInterrupt
