2022-09-09 10:54:01 - INFO - Training/evaluation parameters: Namespace(adam_eps=1e-06, adam_lr=5e-05, base_url='../data/tnews_public/', bert_cache='../config/chinese-roberta-wwm-ext', bert_dim=768, bert_dir='hfl/chinese-roberta-wwm-ext', bert_max_length=512, bert_padding='max_length', best_score=0.5, ckpt_file='save/BD/v13/model_.bin', data_path='../data/Toursim3.csv', device='cuda', dropout=0.1, log_file='log/BD/v13.log', lstm_batch_first=True, lstm_bidirectional=True, lstm_dropout=0.0, lstm_hidden_size=256, lstm_input_size=768, lstm_num_layers=2, lstm_reflector_size=256, max_epochs=10, max_steps=50000, n_gpu=1, num_class=3, num_workers=6, prefetch=12, print_steps=10, savedmodel_path='save/BD/v13', seed=2021, smoothing=0.0, stopWords='../stopword/hit_stopwords.txt', train_batch_size=12, val_batch_size=12, val_ratio=0.2, warmup_steps=1000, weight_decay=0.001, word2Vec='../word2vec/sgns.weibo.bigram-char.bz2', word2Vec_dim=300)
Some weights of the model checkpoint at hfl/chinese-roberta-wwm-ext were not used when initializing BertModel: ['cls.seq_relationship.bias', 'cls.predictions.transform.LayerNorm.bias', 'cls.predictions.transform.LayerNorm.weight', 'cls.predictions.transform.dense.bias', 'cls.predictions.transform.dense.weight', 'cls.predictions.decoder.weight', 'cls.seq_relationship.weight', 'cls.predictions.bias']
- This IS expected if you are initializing BertModel from the checkpoint of a model trained on another task or with another architecture (e.g. initializing a BertForSequenceClassification model from a BertForPreTraining model).
- This IS NOT expected if you are initializing BertModel from the checkpoint of a model that you expect to be exactly identical (initializing a BertForSequenceClassification model from a BertForSequenceClassification model).
2022-09-09 11:02:47 - INFO - Epoch 0 step 464: loss 0.464, {'accuracy': 0.8135, 'f1': 0.8043, 'precision': 0.8071, 'recall': 0.8135}
2022-09-09 11:11:19 - INFO - Epoch 1 step 928: loss 0.441, {'accuracy': 0.8199, 'f1': 0.8123, 'precision': 0.812, 'recall': 0.8199}
2022-09-09 11:19:54 - INFO - Epoch 2 step 1392: loss 0.465, {'accuracy': 0.8164, 'f1': 0.7956, 'precision': 0.8107, 'recall': 0.8164}
2022-09-09 11:28:30 - INFO - Epoch 3 step 1856: loss 0.528, {'accuracy': 0.8128, 'f1': 0.804, 'precision': 0.8027, 'recall': 0.8128}
Traceback (most recent call last):
  File "main.py", line 99, in <module>
    if __name__ == '__main__':
  File "main.py", line 96, in main
    
  File "main.py", line 55, in train_and_validate
    loss, accuracy, _, _, _ = model(batch)
  File "/home/lenovo/wcProject/Bert_ABiLSTM_Att/Code_9.2/utils.py", line 264, in attack
    loss, accuracy, _, _, _ = model(inputs)
  File "/home/lenovo/anaconda3/envs/tfNLP/lib/python3.8/site-packages/torch/nn/modules/module.py", line 1130, in _call_impl
    return forward_call(*input, **kwargs)
  File "/home/lenovo/anaconda3/envs/tfNLP/lib/python3.8/site-packages/torch/nn/parallel/data_parallel.py", line 166, in forward
    return self.module(*inputs[0], **kwargs[0])
  File "/home/lenovo/anaconda3/envs/tfNLP/lib/python3.8/site-packages/torch/nn/modules/module.py", line 1130, in _call_impl
    return forward_call(*input, **kwargs)
  File "/home/lenovo/wcProject/Bert_ABiLSTM_Att/Code_9.2/model.py", line 561, in forward
    bert_output = self.bert(inputs_embeds = inputs['inputs_embeds'], attention_mask = inputs['attention_mask'], token_type_ids = inputs['token_type_ids'])
  File "/home/lenovo/anaconda3/envs/tfNLP/lib/python3.8/site-packages/torch/nn/modules/module.py", line 1130, in _call_impl
    return forward_call(*input, **kwargs)
  File "/home/lenovo/anaconda3/envs/tfNLP/lib/python3.8/site-packages/transformers/models/bert/modeling_bert.py", line 1018, in forward
    encoder_outputs = self.encoder(
  File "/home/lenovo/anaconda3/envs/tfNLP/lib/python3.8/site-packages/torch/nn/modules/module.py", line 1130, in _call_impl
    return forward_call(*input, **kwargs)
  File "/home/lenovo/anaconda3/envs/tfNLP/lib/python3.8/site-packages/transformers/models/bert/modeling_bert.py", line 607, in forward
    layer_outputs = layer_module(
  File "/home/lenovo/anaconda3/envs/tfNLP/lib/python3.8/site-packages/torch/nn/modules/module.py", line 1130, in _call_impl
    return forward_call(*input, **kwargs)
  File "/home/lenovo/anaconda3/envs/tfNLP/lib/python3.8/site-packages/transformers/models/bert/modeling_bert.py", line 493, in forward
    self_attention_outputs = self.attention(
  File "/home/lenovo/anaconda3/envs/tfNLP/lib/python3.8/site-packages/torch/nn/modules/module.py", line 1130, in _call_impl
    return forward_call(*input, **kwargs)
  File "/home/lenovo/anaconda3/envs/tfNLP/lib/python3.8/site-packages/transformers/models/bert/modeling_bert.py", line 423, in forward
    self_outputs = self.self(
  File "/home/lenovo/anaconda3/envs/tfNLP/lib/python3.8/site-packages/torch/nn/modules/module.py", line 1130, in _call_impl
    return forward_call(*input, **kwargs)
  File "/home/lenovo/anaconda3/envs/tfNLP/lib/python3.8/site-packages/transformers/models/bert/modeling_bert.py", line 348, in forward
    attention_scores = attention_scores + attention_mask
KeyboardInterrupt
