2022-09-09 00:25:38 - INFO - Training/evaluation parameters: Namespace(adam_eps=1e-06, adam_lr=5e-05, base_url='../data/tnews_public/', bert_cache='../config/chinese-roberta-wwm-ext', bert_dim=768, bert_dir='hfl/chinese-roberta-wwm-ext', bert_max_length=512, bert_padding='max_length', best_score=0.5, ckpt_file='save/BD/v13/model_.bin', data_path='../data/Toursim3.csv', device='cuda', dropout=0.1, log_file='log/BD/v13.log', lstm_batch_first=True, lstm_bidirectional=True, lstm_dropout=0.0, lstm_hidden_size=256, lstm_input_size=768, lstm_num_layers=2, lstm_reflector_size=256, max_epochs=10, max_steps=50000, n_gpu=1, num_class=3, num_workers=6, prefetch=12, print_steps=10, savedmodel_path='save/BD/v13', seed=2021, smoothing=0.0, stopWords='../stopword/hit_stopwords.txt', train_batch_size=24, val_batch_size=24, val_ratio=0.2, warmup_steps=1000, weight_decay=0.001, word2Vec='../word2vec/sgns.weibo.bigram-char.bz2', word2Vec_dim=300)
Some weights of the model checkpoint at hfl/chinese-roberta-wwm-ext were not used when initializing BertModel: ['cls.predictions.bias', 'cls.predictions.transform.dense.weight', 'cls.predictions.decoder.weight', 'cls.predictions.transform.LayerNorm.bias', 'cls.seq_relationship.weight', 'cls.predictions.transform.dense.bias', 'cls.seq_relationship.bias', 'cls.predictions.transform.LayerNorm.weight']
- This IS expected if you are initializing BertModel from the checkpoint of a model trained on another task or with another architecture (e.g. initializing a BertForSequenceClassification model from a BertForPreTraining model).
- This IS NOT expected if you are initializing BertModel from the checkpoint of a model that you expect to be exactly identical (initializing a BertForSequenceClassification model from a BertForSequenceClassification model).
2022-09-09 00:28:37 - INFO - Epoch 0 step 232: loss 0.439, {'accuracy': 0.8257, 'f1': 0.8085, 'precision': 0.8196, 'recall': 0.8257}
2022-09-09 00:31:22 - INFO - Epoch 1 step 464: loss 0.423, {'accuracy': 0.8242, 'f1': 0.824, 'precision': 0.8237, 'recall': 0.8242}
2022-09-09 00:34:07 - INFO - Epoch 2 step 696: loss 0.473, {'accuracy': 0.8221, 'f1': 0.8194, 'precision': 0.8182, 'recall': 0.8221}
2022-09-09 00:36:52 - INFO - Epoch 3 step 928: loss 0.578, {'accuracy': 0.8034, 'f1': 0.8079, 'precision': 0.8159, 'recall': 0.8034}
2022-09-09 00:39:37 - INFO - Epoch 4 step 1160: loss 0.621, {'accuracy': 0.8207, 'f1': 0.8168, 'precision': 0.8148, 'recall': 0.8207}
2022-09-09 00:42:18 - INFO - Epoch 5 step 1392: loss 0.749, {'accuracy': 0.807, 'f1': 0.8013, 'precision': 0.7989, 'recall': 0.807}
2022-09-09 00:45:04 - INFO - Epoch 6 step 1624: loss 0.832, {'accuracy': 0.807, 'f1': 0.8007, 'precision': 0.7982, 'recall': 0.807}
Traceback (most recent call last):
  File "main.py", line 100, in <module>
    main()
  File "main.py", line 97, in main
    train_and_validate(args)
  File "main.py", line 58, in train_and_validate
    loss.backward()
  File "/home/lenovo/anaconda3/envs/tfNLP/lib/python3.8/site-packages/torch/_tensor.py", line 396, in backward
    torch.autograd.backward(self, gradient, retain_graph, create_graph, inputs=inputs)
  File "/home/lenovo/anaconda3/envs/tfNLP/lib/python3.8/site-packages/torch/autograd/__init__.py", line 173, in backward
    Variable._execution_engine.run_backward(  # Calls into the C++ engine to run the backward pass
KeyboardInterrupt
