2022-09-08 19:35:43 - INFO - Training/evaluation parameters: Namespace(adam_eps=1e-06, adam_lr=5e-05, base_url='../data/tnews_public/', bert_cache='../config/chinese-roberta-wwm-ext', bert_dim=768, bert_dir='hfl/chinese-roberta-wwm-ext', bert_max_length=512, bert_padding='max_length', best_score=0.5, ckpt_file='save/BD/v13/model_.bin', data_path='../data/Toursim3.csv', device='cuda', dropout=0.1, log_file='log/BD/v13.log', lstm_batch_first=True, lstm_bidirectional=True, lstm_dropout=0.0, lstm_hidden_size=256, lstm_input_size=768, lstm_num_layers=2, lstm_reflector_size=256, max_epochs=10, max_steps=50000, n_gpu=1, num_class=3, num_workers=6, prefetch=12, print_steps=10, savedmodel_path='save/BD/v13', seed=2021, smoothing=0.0, stopWords='../stopword/hit_stopwords.txt', train_batch_size=24, val_batch_size=24, val_ratio=0.2, warmup_steps=1000, weight_decay=0.001, word2Vec='../word2vec/sgns.weibo.bigram-char.bz2', word2Vec_dim=300)
Some weights of the model checkpoint at hfl/chinese-roberta-wwm-ext were not used when initializing BertModel: ['cls.predictions.transform.dense.weight', 'cls.seq_relationship.weight', 'cls.predictions.decoder.weight', 'cls.predictions.transform.LayerNorm.bias', 'cls.predictions.bias', 'cls.seq_relationship.bias', 'cls.predictions.transform.LayerNorm.weight', 'cls.predictions.transform.dense.bias']
- This IS expected if you are initializing BertModel from the checkpoint of a model trained on another task or with another architecture (e.g. initializing a BertForSequenceClassification model from a BertForPreTraining model).
- This IS NOT expected if you are initializing BertModel from the checkpoint of a model that you expect to be exactly identical (initializing a BertForSequenceClassification model from a BertForSequenceClassification model).
2022-09-08 19:38:40 - INFO - Epoch 0 step 232: loss 0.460, {'accuracy': 0.8207, 'f1': 0.8156, 'precision': 0.8178, 'recall': 0.8207}
2022-09-08 19:41:24 - INFO - Epoch 1 step 464: loss 0.456, {'accuracy': 0.8142, 'f1': 0.8098, 'precision': 0.808, 'recall': 0.8142}
2022-09-08 19:44:07 - INFO - Epoch 2 step 696: loss 0.500, {'accuracy': 0.8207, 'f1': 0.8097, 'precision': 0.8119, 'recall': 0.8207}
2022-09-08 19:46:51 - INFO - Epoch 3 step 928: loss 0.503, {'accuracy': 0.8171, 'f1': 0.8109, 'precision': 0.8089, 'recall': 0.8171}
2022-09-08 19:49:34 - INFO - Epoch 4 step 1160: loss 0.569, {'accuracy': 0.8149, 'f1': 0.8015, 'precision': 0.804, 'recall': 0.8149}
2022-09-08 19:52:18 - INFO - Epoch 5 step 1392: loss 0.633, {'accuracy': 0.8185, 'f1': 0.8137, 'precision': 0.8123, 'recall': 0.8185}
2022-09-08 19:55:01 - INFO - Epoch 6 step 1624: loss 0.691, {'accuracy': 0.8257, 'f1': 0.8194, 'precision': 0.8181, 'recall': 0.8257}
2022-09-08 19:57:45 - INFO - Epoch 7 step 1856: loss 0.779, {'accuracy': 0.8192, 'f1': 0.815, 'precision': 0.8141, 'recall': 0.8192}
Traceback (most recent call last):
  File "main.py", line 100, in <module>
    main()
  File "main.py", line 97, in main
    train_and_validate(args)
  File "main.py", line 59, in train_and_validate
    optimizer.step()
  File "/home/lenovo/anaconda3/envs/tfNLP/lib/python3.8/site-packages/torch/optim/lr_scheduler.py", line 65, in wrapper
    return wrapped(*args, **kwargs)
  File "/home/lenovo/anaconda3/envs/tfNLP/lib/python3.8/site-packages/torch/optim/optimizer.py", line 109, in wrapper
    return func(*args, **kwargs)
  File "/home/lenovo/anaconda3/envs/tfNLP/lib/python3.8/site-packages/torch/autograd/grad_mode.py", line 27, in decorate_context
    return func(*args, **kwargs)
  File "/home/lenovo/anaconda3/envs/tfNLP/lib/python3.8/site-packages/torch/optim/adamw.py", line 161, in step
    adamw(params_with_grad,
  File "/home/lenovo/anaconda3/envs/tfNLP/lib/python3.8/site-packages/torch/optim/adamw.py", line 218, in adamw
    func(params,
  File "/home/lenovo/anaconda3/envs/tfNLP/lib/python3.8/site-packages/torch/optim/adamw.py", line 311, in _single_tensor_adamw
    denom = (exp_avg_sq.sqrt() / bias_correction2_sqrt).add_(eps)
KeyboardInterrupt
