2022-09-08 23:39:27 - INFO - Training/evaluation parameters: Namespace(adam_eps=1e-06, adam_lr=5e-05, base_url='../data/tnews_public/', bert_cache='../config/chinese-roberta-wwm-ext', bert_dim=768, bert_dir='hfl/chinese-roberta-wwm-ext', bert_max_length=512, bert_padding='max_length', best_score=0.5, ckpt_file='save/BD/v13/model_.bin', data_path='../data/Toursim3.csv', device='cuda', dropout=0.1, log_file='log/BD/v13.log', lstm_batch_first=True, lstm_bidirectional=True, lstm_dropout=0.0, lstm_hidden_size=256, lstm_input_size=768, lstm_num_layers=2, lstm_reflector_size=256, max_epochs=10, max_steps=50000, n_gpu=1, num_class=3, num_workers=6, prefetch=12, print_steps=10, savedmodel_path='save/BD/v13', seed=2021, smoothing=0.0, stopWords='../stopword/hit_stopwords.txt', train_batch_size=24, val_batch_size=24, val_ratio=0.2, warmup_steps=1000, weight_decay=0.001, word2Vec='../word2vec/sgns.weibo.bigram-char.bz2', word2Vec_dim=300)
Some weights of the model checkpoint at hfl/chinese-roberta-wwm-ext were not used when initializing BertModel: ['cls.predictions.transform.LayerNorm.bias', 'cls.seq_relationship.weight', 'cls.seq_relationship.bias', 'cls.predictions.transform.dense.bias', 'cls.predictions.bias', 'cls.predictions.transform.LayerNorm.weight', 'cls.predictions.transform.dense.weight', 'cls.predictions.decoder.weight']
- This IS expected if you are initializing BertModel from the checkpoint of a model trained on another task or with another architecture (e.g. initializing a BertForSequenceClassification model from a BertForPreTraining model).
- This IS NOT expected if you are initializing BertModel from the checkpoint of a model that you expect to be exactly identical (initializing a BertForSequenceClassification model from a BertForSequenceClassification model).
2022-09-08 23:42:25 - INFO - Epoch 0 step 232: loss 0.451, {'accuracy': 0.8156, 'f1': 0.8133, 'precision': 0.8157, 'recall': 0.8156}
2022-09-08 23:45:10 - INFO - Epoch 1 step 464: loss 0.476, {'accuracy': 0.8042, 'f1': 0.8042, 'precision': 0.8057, 'recall': 0.8042}
2022-09-08 23:47:54 - INFO - Epoch 2 step 696: loss 0.537, {'accuracy': 0.8085, 'f1': 0.7851, 'precision': 0.8004, 'recall': 0.8085}
Traceback (most recent call last):
  File "main.py", line 100, in <module>
    main()
  File "main.py", line 97, in main
    train_and_validate(args)
  File "main.py", line 55, in train_and_validate
    loss, accuracy, _, _, _ = model(batch)
  File "/home/lenovo/anaconda3/envs/tfNLP/lib/python3.8/site-packages/torch/nn/modules/module.py", line 1130, in _call_impl
    return forward_call(*input, **kwargs)
  File "/home/lenovo/anaconda3/envs/tfNLP/lib/python3.8/site-packages/torch/nn/parallel/data_parallel.py", line 166, in forward
    return self.module(*inputs[0], **kwargs[0])
  File "/home/lenovo/anaconda3/envs/tfNLP/lib/python3.8/site-packages/torch/nn/modules/module.py", line 1130, in _call_impl
    return forward_call(*input, **kwargs)
  File "/home/lenovo/wcProject/Bert_ABiLSTM_Att/Code_9.2/model.py", line 577, in forward
    output, (final_hidden_state, _) = self.bilstm(last_hidden_state)
  File "/home/lenovo/anaconda3/envs/tfNLP/lib/python3.8/site-packages/torch/nn/modules/module.py", line 1130, in _call_impl
    return forward_call(*input, **kwargs)
  File "/home/lenovo/anaconda3/envs/tfNLP/lib/python3.8/site-packages/torch/nn/modules/rnn.py", line 769, in forward
    result = _VF.lstm(input, hx, self._flat_weights, self.bias, self.num_layers,
KeyboardInterrupt
