2022-09-09 11:34:30 - INFO - Training/evaluation parameters: Namespace(adam_eps=1e-06, adam_lr=5e-05, base_url='../data/tnews_public/', bert_cache='../config/chinese-macbert-base', bert_dim=768, bert_dir='hfl/chinese-macbert-base', bert_max_length=512, bert_padding='max_length', best_score=0.5, ckpt_file='save/BD/v13/model_.bin', data_path='../data/Toursim3.csv', device='cuda', dropout=0.1, log_file='log/BD/v13.log', lstm_batch_first=True, lstm_bidirectional=True, lstm_dropout=0.0, lstm_hidden_size=512, lstm_input_size=768, lstm_num_layers=2, lstm_reflector_size=256, max_epochs=10, max_steps=50000, n_gpu=1, num_class=3, num_workers=6, prefetch=12, print_steps=10, savedmodel_path='save/BD/v13', seed=2021, smoothing=0.0, stopWords='../stopword/hit_stopwords.txt', train_batch_size=12, val_batch_size=12, val_ratio=0.2, warmup_steps=1000, weight_decay=0.001, word2Vec='../word2vec/sgns.weibo.bigram-char.bz2', word2Vec_dim=300)
Some weights of the model checkpoint at hfl/chinese-macbert-base were not used when initializing BertModel: ['cls.seq_relationship.bias', 'cls.seq_relationship.weight', 'cls.predictions.transform.LayerNorm.bias', 'cls.predictions.transform.dense.weight', 'cls.predictions.transform.dense.bias', 'cls.predictions.transform.LayerNorm.weight', 'cls.predictions.decoder.bias', 'cls.predictions.bias', 'cls.predictions.decoder.weight']
- This IS expected if you are initializing BertModel from the checkpoint of a model trained on another task or with another architecture (e.g. initializing a BertForSequenceClassification model from a BertForPreTraining model).
- This IS NOT expected if you are initializing BertModel from the checkpoint of a model that you expect to be exactly identical (initializing a BertForSequenceClassification model from a BertForSequenceClassification model).
2022-09-09 11:37:57 - INFO - Epoch 0 step 464: loss 0.571, {'accuracy': 0.7798, 'f1': 0.7448, 'precision': 0.766, 'recall': 0.7798}
2022-09-09 11:41:11 - INFO - Epoch 1 step 928: loss 0.452, {'accuracy': 0.8013, 'f1': 0.7977, 'precision': 0.7991, 'recall': 0.8013}
2022-09-09 11:44:25 - INFO - Epoch 2 step 1392: loss 0.445, {'accuracy': 0.8135, 'f1': 0.8147, 'precision': 0.8163, 'recall': 0.8135}
2022-09-09 11:47:39 - INFO - Epoch 3 step 1856: loss 0.471, {'accuracy': 0.8121, 'f1': 0.8043, 'precision': 0.805, 'recall': 0.8121}
2022-09-09 11:50:54 - INFO - Epoch 4 step 2320: loss 0.607, {'accuracy': 0.8149, 'f1': 0.8111, 'precision': 0.8093, 'recall': 0.8149}
2022-09-09 11:54:08 - INFO - Epoch 5 step 2784: loss 0.592, {'accuracy': 0.8171, 'f1': 0.8078, 'precision': 0.8075, 'recall': 0.8171}
2022-09-09 11:57:23 - INFO - Epoch 6 step 3248: loss 0.673, {'accuracy': 0.8221, 'f1': 0.8184, 'precision': 0.8164, 'recall': 0.8221}
Traceback (most recent call last):
  File "main.py", line 100, in <module>
    main()
  File "main.py", line 97, in main
    train_and_validate(args)
  File "main.py", line 58, in train_and_validate
    loss.backward()
  File "/home/lenovo/anaconda3/envs/tfNLP/lib/python3.8/site-packages/torch/_tensor.py", line 396, in backward
    torch.autograd.backward(self, gradient, retain_graph, create_graph, inputs=inputs)
  File "/home/lenovo/anaconda3/envs/tfNLP/lib/python3.8/site-packages/torch/autograd/__init__.py", line 173, in backward
    Variable._execution_engine.run_backward(  # Calls into the C++ engine to run the backward pass
KeyboardInterrupt
