2022-09-10 11:31:10 - INFO - Training/evaluation parameters: Namespace(adam_eps=1e-06, adam_lr=5e-05, base_url='../data/tnews_public/', bert_cache='../config/mengzi-bert-base', bert_dim=768, bert_dir='Langboat/mengzi-bert-base', bert_max_length=512, bert_padding='max_length', best_score=0.5, ckpt_file='save/BD/v13/model_.bin', data_path='../data/Toursim3.csv', device='cuda', dropout=0.1, log_file='log/BD/v13.log', lstm_batch_first=True, lstm_bidirectional=True, lstm_dropout=0.0, lstm_hidden_size=768, lstm_input_size=768, lstm_num_layers=2, lstm_reflector_size=256, max_epochs=10, max_steps=50000, n_gpu=1, num_class=3, num_workers=6, prefetch=12, print_steps=10, savedmodel_path='save/BD/v13', seed=2021, smoothing=0.0, stopWords='../stopword/hit_stopwords.txt', train_batch_size=24, val_batch_size=24, val_ratio=0.2, warmup_steps=1000, weight_decay=0.001, word2Vec='../word2vec/sgns.weibo.bigram-char.bz2', word2Vec_dim=300)
Some weights of the model checkpoint at Langboat/mengzi-bert-base were not used when initializing BertModel: ['cls.predictions.decoder.bias', 'cls.predictions.transform.dense.weight', 'sop.cls.weight', 'sop.cls.bias', 'cls.predictions.transform.LayerNorm.bias', 'cls.predictions.transform.LayerNorm.weight', 'cls.predictions.transform.dense.bias', 'cls.predictions.decoder.weight', 'cls.predictions.bias']
- This IS expected if you are initializing BertModel from the checkpoint of a model trained on another task or with another architecture (e.g. initializing a BertForSequenceClassification model from a BertForPreTraining model).
- This IS NOT expected if you are initializing BertModel from the checkpoint of a model that you expect to be exactly identical (initializing a BertForSequenceClassification model from a BertForSequenceClassification model).
2022-09-10 11:34:15 - INFO - Epoch 0 step 232: loss 0.517, {'accuracy': 0.7719, 'f1': 0.7837, 'precision': 0.8191, 'recall': 0.7719}
2022-09-10 11:37:07 - INFO - Epoch 1 step 464: loss 0.435, {'accuracy': 0.8171, 'f1': 0.8046, 'precision': 0.8076, 'recall': 0.8171}
2022-09-10 11:40:00 - INFO - Epoch 2 step 696: loss 0.478, {'accuracy': 0.8235, 'f1': 0.8219, 'precision': 0.8211, 'recall': 0.8235}
2022-09-10 11:42:52 - INFO - Epoch 3 step 928: loss 0.508, {'accuracy': 0.8307, 'f1': 0.8262, 'precision': 0.8251, 'recall': 0.8307}
2022-09-10 11:45:44 - INFO - Epoch 4 step 1160: loss 0.570, {'accuracy': 0.8214, 'f1': 0.8224, 'precision': 0.8237, 'recall': 0.8214}
2022-09-10 11:48:37 - INFO - Epoch 5 step 1392: loss 0.600, {'accuracy': 0.8271, 'f1': 0.8251, 'precision': 0.8242, 'recall': 0.8271}
2022-09-10 11:51:29 - INFO - Epoch 6 step 1624: loss 0.801, {'accuracy': 0.8207, 'f1': 0.8167, 'precision': 0.8151, 'recall': 0.8207}
Traceback (most recent call last):
  File "main.py", line 100, in <module>
    main()
  File "main.py", line 97, in main
    train_and_validate(args)
  File "main.py", line 58, in train_and_validate
    loss.backward()
  File "/home/lenovo/anaconda3/envs/tfNLP/lib/python3.8/site-packages/torch/_tensor.py", line 396, in backward
    torch.autograd.backward(self, gradient, retain_graph, create_graph, inputs=inputs)
  File "/home/lenovo/anaconda3/envs/tfNLP/lib/python3.8/site-packages/torch/autograd/__init__.py", line 173, in backward
    Variable._execution_engine.run_backward(  # Calls into the C++ engine to run the backward pass
KeyboardInterrupt
