2022-09-15 23:34:48 - INFO - Training/evaluation parameters: Namespace(adam_eps=1e-06, adam_lr=5e-05, base_url='../data/tnews_public/', bert_cache='../config/mengzi-bert-base', bert_dim=768, bert_dir='Langboat/mengzi-bert-base', bert_max_length=512, bert_padding='max_length', best_score=0.5, ckpt_file='save/BD/v13/model_.bin', data_path='../data/Toursim3.csv', device='cuda', dropout=0.1, log_file='log/BD/v13.log', lstm_batch_first=True, lstm_bidirectional=True, lstm_dropout=0.0, lstm_hidden_size=768, lstm_input_size=768, lstm_num_layers=2, lstm_reflector_size=256, max_epochs=10, max_steps=50000, n_gpu=1, num_class=3, num_workers=6, prefetch=12, print_steps=10, savedmodel_path='save/BD/v13', seed=2021, smoothing=0.0, stopWords='../stopword/hit_stopwords.txt', train_batch_size=12, val_batch_size=12, val_ratio=0.2, warmup_steps=1000, weight_decay=0.001, word2Vec='../word2vec/sgns.weibo.bigram-char.bz2', word2Vec_dim=300)
Some weights of the model checkpoint at Langboat/mengzi-bert-base were not used when initializing BertModel: ['cls.predictions.transform.dense.weight', 'cls.predictions.transform.LayerNorm.weight', 'sop.cls.bias', 'cls.predictions.transform.LayerNorm.bias', 'cls.predictions.transform.dense.bias', 'cls.predictions.bias', 'sop.cls.weight', 'cls.predictions.decoder.bias', 'cls.predictions.decoder.weight']
- This IS expected if you are initializing BertModel from the checkpoint of a model trained on another task or with another architecture (e.g. initializing a BertForSequenceClassification model from a BertForPreTraining model).
- This IS NOT expected if you are initializing BertModel from the checkpoint of a model that you expect to be exactly identical (initializing a BertForSequenceClassification model from a BertForSequenceClassification model).
2022-09-15 23:41:23 - INFO - Epoch 0 step 464: loss 0.468, {'accuracy': 0.8128, 'f1': 0.8142, 'precision': 0.8197, 'recall': 0.8128}
2022-09-15 23:47:35 - INFO - Epoch 1 step 928: loss 0.439, {'accuracy': 0.8178, 'f1': 0.8051, 'precision': 0.8076, 'recall': 0.8178}
2022-09-15 23:53:48 - INFO - Epoch 2 step 1392: loss 0.457, {'accuracy': 0.8214, 'f1': 0.822, 'precision': 0.8248, 'recall': 0.8214}
2022-09-16 00:00:00 - INFO - Epoch 3 step 1856: loss 0.540, {'accuracy': 0.8113, 'f1': 0.8038, 'precision': 0.8027, 'recall': 0.8113}
2022-09-16 00:06:12 - INFO - Epoch 4 step 2320: loss 0.664, {'accuracy': 0.8199, 'f1': 0.8116, 'precision': 0.8108, 'recall': 0.8199}
2022-09-16 00:12:25 - INFO - Epoch 5 step 2784: loss 0.741, {'accuracy': 0.802, 'f1': 0.8019, 'precision': 0.8022, 'recall': 0.802}
2022-09-16 00:18:35 - INFO - Epoch 6 step 3248: loss 0.793, {'accuracy': 0.8113, 'f1': 0.8079, 'precision': 0.8057, 'recall': 0.8113}
Traceback (most recent call last):
  File "main.py", line 100, in <module>
    main()
  File "main.py", line 97, in main
    train_and_validate(args)
  File "main.py", line 56, in train_and_validate
    loss_adv = smart_adv.forward(model,logits,batch)
  File "/home/lenovo/wcProject/Bert_ABiLSTM_Att/Code_9.2/utils.py", line 417, in forward
    _, _, _, _, adv_logits = model(inputs)
  File "/home/lenovo/anaconda3/envs/tfNLP/lib/python3.8/site-packages/torch/nn/modules/module.py", line 1130, in _call_impl
    return forward_call(*input, **kwargs)
  File "/home/lenovo/anaconda3/envs/tfNLP/lib/python3.8/site-packages/torch/nn/parallel/data_parallel.py", line 166, in forward
    return self.module(*inputs[0], **kwargs[0])
  File "/home/lenovo/anaconda3/envs/tfNLP/lib/python3.8/site-packages/torch/nn/modules/module.py", line 1130, in _call_impl
    return forward_call(*input, **kwargs)
  File "/home/lenovo/wcProject/Bert_ABiLSTM_Att/Code_9.2/model.py", line 577, in forward
    output, (final_hidden_state, _) = self.bilstm(last_hidden_state)
  File "/home/lenovo/anaconda3/envs/tfNLP/lib/python3.8/site-packages/torch/nn/modules/module.py", line 1130, in _call_impl
    return forward_call(*input, **kwargs)
  File "/home/lenovo/anaconda3/envs/tfNLP/lib/python3.8/site-packages/torch/nn/modules/rnn.py", line 769, in forward
    result = _VF.lstm(input, hx, self._flat_weights, self.bias, self.num_layers,
KeyboardInterrupt
